2011-09-01 16:20:16,617 - INFO    - cpc.server     : Serving HTTP on 0.0.0.0 port 14808...
2011-09-01 16:20:16,621 - INFO    - cpc.server     : Serving HTTPS on 0.0.0.0 port 13808...
2011-09-01 16:20:20,056 - INFO    - cpc.server.request_handler: PUT /copernicus
2011-09-01 16:20:20,056 - DEBUG   - cpc.server.request_handler: Headers are: 'Host: tcbm03.theophys.kth.se:14808
Accept-Encoding: identity
Content-Length: 1585
originating-client: tcbm03.theophys.kth.se
Content-Type: application/x-www-form-urlencoded
'

2011-09-01 16:20:20,059 - DEBUG   - cpc.server.request_handler: Done. Reply message is: '[
    {
        "status": "OK", 
        "message": "", 
        "data": {
            "host": "tcbm03.theophys.kth.se", 
            "http_port": 14808, 
            "class": "NodeConnectRequest", 
            "key": "-----BEGIN CERTIFICATE-----\nMIIDXDCCAkQCCQDjsvsRSjlGaDANBgkqhkiG9w0BAQUFADBwMR8wHQYDVQQDExZ0\nY2JtMDMudGhlb3BoeXMua3RoLnNlMQ0wCwYDVQQIEwR0ZXN0MQswCQYDVQQGEwJT\nRTEcMBoGCSqGSIb3DQEJARYNdGVzdEB0ZXN0LmNvbTETMBEGA1UEChMKY29wZXJu\naWN1czAeFw0xMTA5MDExNDIwMTRaFw0xMjA4MzExNDIwMTRaMHAxHzAdBgNVBAMT\nFnRjYm0wMy50aGVvcGh5cy5rdGguc2UxDTALBgNVBAgTBHRlc3QxCzAJBgNVBAYT\nAlNFMRwwGgYJKoZIhvcNAQkBFg10ZXN0QHRlc3QuY29tMRMwEQYDVQQKEwpjb3Bl\ncm5pY3VzMIIBIjANBgkqhkiG9w0BAQEFAAOCAQ8AMIIBCgKCAQEAzNr6g2m4DiVp\n6gyHAmzKCfMBnZxukfOH4Fjt4d3NAZIUVBVtWfEzHt8C3MbXaS6W6IKt7soQdCxv\nZRt3Pk8exJB8CcRtJgFqePr8UrRf+0bADa/jSjVLn18RfQuoHz0cCIwX62fQ2fTt\n/xhI8rLQDLzxtxoOGCTEGG8PqQR4XAwmlbmoy/b0MmwsbHUy/o4cgfo7hy5nYBjz\nxKuWhV07D4YOTrOO3crRnQcOMqhAFr2khJuowdhI8m6Kc3vP53vmcSFGj7WcdAwZ\nFLF95UK/rZA65vzqEbbxiaxOM7lSJidY/iPHQZok7euRzwqHP/VegtCa3Dzq2OE1\nFgFRceG7MwIDAQABMA0GCSqGSIb3DQEBBQUAA4IBAQBoiLyG0BD2LlucbQBTTbW2\nJgcPvmZoZwag53upGJfz6zpfBd2Utw2melwJfpprjo7sKrqz74AObO2ofSfnJXTa\n0DNKRrN7byHQ5XF/xdZr9j7C/JJNLWma+SCadXjWnwOdTFvK4q0BoIeHPA8l3kI1\nmxK64eqKUqg0IdAIdiaukE8UnZE8i3pmSTkkVwOH94qhvZ7Dcy/i4e1LNb44NfQM\npcP2LGIZbM2CTfElX/eunmMYAHTqEPSlYnX6KRTHPtxSAIHFibmRwADL4wOq0gbm\ne4QmE1cVFjqhkJoOq41+ApAoMxL3qJ+W6JikwYHivZQeaSvDPLKAlsaY6e2Nw9jD\n-----END CERTIFICATE-----\n", 
            "https_port": 13808
        }
    }
]'

2011-09-01 16:20:20,724 - INFO    - cpc.server.request_handler: POST /copernicus
2011-09-01 16:20:20,726 - DEBUG   - cpc.server.https_connection_pool: instantiation of connectionPool
2011-09-01 16:20:20,726 - DEBUG   - cpc.client     : Connecting HTTP to host tcbm03.theophys.kth.se, port 14809
2011-09-01 16:20:20,731 - DEBUG   - cpc.client     : Got header 'content-length'='1516'
2011-09-01 16:20:20,732 - DEBUG   - cpc.client     : Got header 'originating-server'='tcbm03.theophys.kth.se'
2011-09-01 16:20:20,732 - DEBUG   - cpc.client     : Got header 'connection'='close'
2011-09-01 16:20:20,732 - DEBUG   - cpc.client     : Got header 'date'='Thu, 01 Sep 2011 14:20:20 GMT'
2011-09-01 16:20:20,732 - DEBUG   - cpc.client     : Got header 'server'='Copernicus 1.0 cpc 1.0'
2011-09-01 16:20:20,732 - DEBUG   - cpc.client     : Got header 'content-type'='text/json'
2011-09-01 16:20:20,732 - DEBUG   - cpc.client     : Response length is 1516
2011-09-01 16:20:20,734 - DEBUG   - cpc.server.request_handler: Done. Reply message is: '[
    {
        "status": "OK", 
        "message": "", 
        "data": {
            "host": "tcbm03.theophys.kth.se", 
            "http_port": 14809, 
            "class": "NodeConnectRequest", 
            "key": "-----BEGIN CERTIFICATE-----\nMIIDXDCCAkQCCQCIeNjRxMoGtjANBgkqhkiG9w0BAQUFADBwMR8wHQYDVQQDExZ0\nY2JtMDMudGhlb3BoeXMua3RoLnNlMQ0wCwYDVQQIEwR0ZXN0MQswCQYDVQQGEwJT\nRTEcMBoGCSqGSIb3DQEJARYNdGVzdEB0ZXN0LmNvbTETMBEGA1UEChMKY29wZXJu\naWN1czAeFw0xMTA5MDExNDIwMTRaFw0xMjA4MzExNDIwMTRaMHAxHzAdBgNVBAMT\nFnRjYm0wMy50aGVvcGh5cy5rdGguc2UxDTALBgNVBAgTBHRlc3QxCzAJBgNVBAYT\nAlNFMRwwGgYJKoZIhvcNAQkBFg10ZXN0QHRlc3QuY29tMRMwEQYDVQQKEwpjb3Bl\ncm5pY3VzMIIBIjANBgkqhkiG9w0BAQEFAAOCAQ8AMIIBCgKCAQEA74k+PpbFXZAd\nwpJlNPEWvY7SFEuNRlo7AcDatPalnGzMB/Xc8dhdZUqEqFBd1sl1d2alnr9iPdpd\nB/myMu+Y1eevzgY9D+/4icsjE/Gfs71p4+nCvoZ144J+sOKj5VigUPBgEZRa7VZP\nYQuZkPd78btLmoglKHOVp2N30D28X3YBkylWQ0FXE/ANcvGfzsZ/bfgeqnteYQxb\ne3kz22nAdeop7TvDNTSpfVJeZajbzjyemZbByzZ4VSGqB6jBRkWTiJtwn31Vr2r3\ne94IwN3K+59Yiu56Sbkgd35ylRQL0LjWo+qmfGVmOebPFzlcHQ1LoXwvyA2cmPLO\nWKluvkYMRwIDAQABMA0GCSqGSIb3DQEBBQUAA4IBAQAsXK9fwLIcJHaGcD4LEtVm\nJeCZtQZ67V7B93OGinzzrOTqJGXvKzrByghMhZcJuvHNsX0LvePBiqWP/TjeTn2r\nDuQ3/ddP6SpgozgIgrYfcZnidD/jkuTySP+T1xUmLBkVzBU/DfeKC7ZvzzQfSKhG\nErz9OJYh2DtjxKn0zSnfcwzl7Xd41N/nsVl9eAp1Ytp27SrZWdWf2rkG/aBm/c0v\nOJIPA47f0M45oNI0N66iWElaPw+zdHnlkqCvft7Zy71qvSi65SYesVasunLMv9jO\nqWnkdERVw+GiCUHdqs87weqjy/KbSDVVtzSD5mUHtvNhnWHrrPFGUsX/HiZor9er\n-----END CERTIFICATE-----\n", 
            "https_port": 13809
        }
    }
]'

2011-09-01 16:20:22,046 - INFO    - cpc.server.request_handler: PUT /copernicus
2011-09-01 16:20:22,046 - DEBUG   - cpc.server.request_handler: Headers are: 'Host: 0.0.0.0:13808
Accept-Encoding: identity
Content-Length: 8
originating-client: tcbm03.theophys.kth.se
Content-Type: application/x-www-form-urlencoded
'

2011-09-01 16:20:22,047 - INFO    - cpc.server.command: Stop request received
2011-09-01 16:20:22,047 - DEBUG   - cpc.server.request_handler: Done. Reply message is: '[
    {
        "status": "OK", 
        "message": "Quitting."
    }
]'

2011-09-01 16:20:22,047 - INFO    - cpc.server.request_handler: shutting down
